#
# A fatal error has been detected by the Java Runtime Environment:
#
#  EXCEPTION_ACCESS_VIOLATION (0xc0000005) at pc=0x0000000003d998cd, pid=2880, tid=0x0000000000002e90
#
# JRE version: Java(TM) SE Runtime Environment (8.0_101-b13) (build 1.8.0_101-b13)
# Java VM: Java HotSpot(TM) 64-Bit Server VM (25.101-b13 mixed mode windows-amd64 compressed oops)
# Problematic frame:
# J 2215 C1 com.android.dx.dex.code.OutputFinisher.getAllConstants()Ljava/util/HashSet; (47 bytes) @ 0x0000000003d998cd [0x0000000003d99300+0x5cd]
#
# Failed to write core dump. Minidumps are not enabled by default on client versions of Windows
#
# If you would like to submit a bug report, please visit:
#   http://bugreport.java.com/bugreport/crash.jsp
#

---------------  T H R E A D  ---------------

Current thread (0x000000001713e800):  JavaThread "pool-1-thread-1" [_thread_in_Java, id=11920, stack(0x000000001a0f0000,0x000000001a1f0000)]

siginfo: ExceptionCode=0xc0000005, reading address 0x000000006ca446b0

Registers:
RAX=0x000000006ca446a8, RBX=0x0000000000025124, RCX=0x0000000000000001, RDX=0x00000000ecc4e478
RSP=0x000000001a1eef90, RBP=0x000000001a1ef158, RSI=0x0000000000008af8, RDI=0x000000010008c6c8
R8 =0x0000000000000089, R9 =0x00000000c1ae7e40, R10=0x000000006ca446a8, R11=0x000000000000008a
R12=0x0000000000000000, R13=0x0000000000000128, R14=0x0000000000013370, R15=0x000000001713e800
RIP=0x0000000003d998cd, EFLAGS=0x0000000000010202

Top of Stack: (sp=0x000000001a1eef90)
0x000000001a1eef90:   00000000fdc3aac8 0000000000000000
0x000000001a1eefa0:   00000000c176c0c0 000000010009f938
0x000000001a1eefb0:   000000001a1ef158 0000000003dc5864
0x000000001a1eefc0:   0000000000004b60 0000000000000000
0x000000001a1eefd0:   000000001a1ef000 000000001a1ef000
0x000000001a1eefe0:   000000001a1ef158 0000000003d959c4
0x000000001a1eeff0:   000000000000003c 0000000014d55340
0x000000001a1ef000:   000000001a1ef158 0000000003d91a24
0x000000001a1ef010:   00000000ecc4e448 00000000ecc4e438
0x000000001a1ef020:   00000000c1ae7e00 00000000ecc4e478
0x000000001a1ef030:   00000000ec937298 00000000c1746bf8
0x000000001a1ef040:   000000001a1ef158 0000000003dc9d24
0x000000001a1ef050:   ffffffffffffffff 00000000150facc0
0x000000001a1ef060:   0000000000000490 0000000014f7df12
0x000000001a1ef070:   000000001a1ef158 0000000061d9c685
0x000000001a1ef080:   0000000003407b00 00000000ecb64b20 

Instructions: (pc=0x0000000003d998cd)
0x0000000003d998ad:   89 1d 15 00 00 00 00 81 8e c0 01 00 00 00 01 00
0x0000000003d998bd:   00 e9 c1 00 00 00 48 bf c8 c6 08 00 01 00 00 00
0x0000000003d998cd:   8b 70 08 48 c1 e6 03 48 3b 7e 30 0f 85 8a 00 00
0x0000000003d998dd:   00 48 be 28 89 1d 15 00 00 00 00 8b 78 08 48 c1 


Register to memory mapping:

RAX=0x000000006ca446a8 is an unknown value
RBX=0x0000000000025124 is an unknown value
RCX=0x0000000000000001 is an unknown value
RDX=0x00000000ecc4e478 is an oop
java.util.ArrayList$Itr 
 - klass: 'java/util/ArrayList$Itr'
RSP=0x000000001a1eef90 is pointing into the stack for thread: 0x000000001713e800
RBP=0x000000001a1ef158 is pointing into the stack for thread: 0x000000001713e800
RSI=0x0000000000008af8 is an unknown value
RDI=0x000000010008c6c8 is pointing into metadata
R8 =0x0000000000000089 is an unknown value
R9 =0x00000000c1ae7e40 is an oop
[Ljava.lang.Object; 
 - klass: 'java/lang/Object'[]
 - length: 298
R10=0x000000006ca446a8 is an unknown value
R11=0x000000000000008a is an unknown value
R12=0x0000000000000000 is an unknown value
R13=0x0000000000000128 is an unknown value
R14=0x0000000000013370 is an unknown value
R15=0x000000001713e800 is a thread


Stack: [0x000000001a0f0000,0x000000001a1f0000],  sp=0x000000001a1eef90,  free space=1019k
Native frames: (J=compiled Java code, j=interpreted, Vv=VM code, C=native code)
C  0x0000000003d998cd


---------------  P R O C E S S  ---------------

Java Threads: ( => current thread )
=>0x000000001713e800 JavaThread "pool-1-thread-1" [_thread_in_Java, id=11920, stack(0x000000001a0f0000,0x000000001a1f0000)]
  0x000000001555e000 JavaThread "Service Thread" daemon [_thread_blocked, id=8840, stack(0x0000000017250000,0x0000000017350000)]
  0x000000001555b800 JavaThread "C1 CompilerThread2" daemon [_thread_blocked, id=12984, stack(0x0000000016d50000,0x0000000016e50000)]
  0x0000000015556800 JavaThread "C2 CompilerThread1" daemon [_thread_in_native, id=5828, stack(0x0000000016c50000,0x0000000016d50000)]
  0x00000000154fd000 JavaThread "C2 CompilerThread0" daemon [_thread_in_native, id=8028, stack(0x0000000016b50000,0x0000000016c50000)]
  0x00000000154fb800 JavaThread "Attach Listener" daemon [_thread_blocked, id=9564, stack(0x0000000016a50000,0x0000000016b50000)]
  0x00000000154fa000 JavaThread "Signal Dispatcher" daemon [_thread_blocked, id=7316, stack(0x0000000016950000,0x0000000016a50000)]
  0x00000000154ea000 JavaThread "Finalizer" daemon [_thread_blocked, id=13236, stack(0x0000000016750000,0x0000000016850000)]
  0x00000000154c8800 JavaThread "Reference Handler" daemon [_thread_blocked, id=6912, stack(0x0000000016650000,0x0000000016750000)]
  0x000000000124d800 JavaThread "main" [_thread_blocked, id=12488, stack(0x00000000016b0000,0x00000000017b0000)]

Other Threads:
  0x00000000154c6800 VMThread [stack: 0x0000000016550000,0x0000000016650000] [id=13104]
  0x0000000016e5a800 WatcherThread [stack: 0x0000000017350000,0x0000000017450000] [id=12728]

VM state:not at safepoint (normal execution)

VM Mutex/Monitor currently owned by a thread: None

Heap:
 PSYoungGen      total 283136K, used 65374K [0x00000000eab00000, 0x00000000ff700000, 0x0000000100000000)
  eden space 252416K, 13% used [0x00000000eab00000,0x00000000eccda818,0x00000000fa180000)
  from space 30720K, 99% used [0x00000000fc800000,0x00000000fe5fcfe8,0x00000000fe600000)
  to   space 39424K, 0% used [0x00000000fa180000,0x00000000fa180000,0x00000000fc800000)
 ParOldGen       total 87552K, used 47460K [0x00000000c0000000, 0x00000000c5580000, 0x00000000eab00000)
  object space 87552K, 54% used [0x00000000c0000000,0x00000000c2e59108,0x00000000c5580000)
 Metaspace       used 6660K, capacity 7320K, committed 7680K, reserved 1056768K
  class space    used 629K, capacity 656K, committed 768K, reserved 1048576K

Card table byte_map: [0x0000000001da0000,0x0000000001fb0000] byte_map_base: 0x00000000017a0000

Marking Bits: (ParMarkBitMap*) 0x00000000624fa6d0
 Begin Bits: [0x0000000012960000, 0x0000000013960000)
 End Bits:   [0x0000000013960000, 0x0000000014960000)

Polling page: 0x00000000012b0000

CodeCache: size=245760Kb used=10003Kb max_used=10003Kb free=235756Kb
 bounds [0x0000000003400000, 0x0000000003dd0000, 0x0000000012400000]
 total_blobs=2481 nmethods=2211 adapters=182
 compilation: enabled

Compilation events (10 events):
Event: 9.572 Thread 0x000000001555b800 2231       3       com.android.dx.dex.code.StdCatchBuilder::hasAnyCatches (57 bytes)
Event: 9.573 Thread 0x000000001555b800 nmethod 2231 0x0000000003dc4c50 code [0x0000000003dc4e40, 0x0000000003dc5b78]
Event: 9.584 Thread 0x000000001555b800 2239       2       com.android.dx.rop.code.SwitchInsn::getCatches (4 bytes)
Event: 9.584 Thread 0x000000001555b800 nmethod 2239 0x0000000003dadd10 code [0x0000000003dade60, 0x0000000003dadfb0]
Event: 9.590 Thread 0x000000001555b800 2240 %     3       com.android.dx.dex.file.CodeItem::addContents @ 142 (174 bytes)
Event: 9.592 Thread 0x000000001555b800 nmethod 2240% 0x0000000003dc60d0 code [0x0000000003dc63e0, 0x0000000003dc7e08]
Event: 9.593 Thread 0x000000001555b800 2241       3       com.android.dx.dex.file.CodeItem::addContents (174 bytes)
Event: 9.594 Thread 0x000000001555b800 nmethod 2241 0x0000000003dc8910 code [0x0000000003dc8c20, 0x0000000003dca5c8]
Event: 9.951 Thread 0x000000001555b800 2243       2       com.android.dx.dex.code.StdCatchBuilder::getCatchTypes (97 bytes)
Event: 9.952 Thread 0x000000001555b800 nmethod 2243 0x0000000003dafc10 code [0x0000000003dafe20, 0x0000000003db0328]

GC Heap History (10 events):
Event: 4.672 GC heap before
{Heap before GC invocations=4 (full 0):
 PSYoungGen      total 38400K, used 38386K [0x00000000eab00000, 0x00000000ef600000, 0x0000000100000000)
  eden space 33280K, 100% used [0x00000000eab00000,0x00000000ecb80000,0x00000000ecb80000)
  from space 5120K, 99% used [0x00000000ecb80000,0x00000000ed07c910,0x00000000ed080000)
  to   space 5120K, 0% used [0x00000000ef100000,0x00000000ef100000,0x00000000ef600000)
 ParOldGen       total 87552K, used 8891K [0x00000000c0000000, 0x00000000c5580000, 0x00000000eab00000)
  object space 87552K, 10% used [0x00000000c0000000,0x00000000c08aee08,0x00000000c5580000)
 Metaspace       used 6281K, capacity 7154K, committed 7296K, reserved 1056768K
  class space    used 603K, capacity 618K, committed 640K, reserved 1048576K
Event: 4.698 GC heap after
Heap after GC invocations=4 (full 0):
 PSYoungGen      total 71680K, used 5103K [0x00000000eab00000, 0x00000000ef600000, 0x0000000100000000)
  eden space 66560K, 0% used [0x00000000eab00000,0x00000000eab00000,0x00000000eec00000)
  from space 5120K, 99% used [0x00000000ef100000,0x00000000ef5fbca0,0x00000000ef600000)
  to   space 5120K, 0% used [0x00000000eec00000,0x00000000eec00000,0x00000000ef100000)
 ParOldGen       total 87552K, used 14118K [0x00000000c0000000, 0x00000000c5580000, 0x00000000eab00000)
  object space 87552K, 16% used [0x00000000c0000000,0x00000000c0dc99c0,0x00000000c5580000)
 Metaspace       used 6281K, capacity 7154K, committed 7296K, reserved 1056768K
  class space    used 603K, capacity 618K, committed 640K, reserved 1048576K
}
Event: 5.190 GC heap before
{Heap before GC invocations=5 (full 0):
 PSYoungGen      total 71680K, used 71663K [0x00000000eab00000, 0x00000000ef600000, 0x0000000100000000)
  eden space 66560K, 100% used [0x00000000eab00000,0x00000000eec00000,0x00000000eec00000)
  from space 5120K, 99% used [0x00000000ef100000,0x00000000ef5fbca0,0x00000000ef600000)
  to   space 5120K, 0% used [0x00000000eec00000,0x00000000eec00000,0x00000000ef100000)
 ParOldGen       total 87552K, used 14118K [0x00000000c0000000, 0x00000000c5580000, 0x00000000eab00000)
  object space 87552K, 16% used [0x00000000c0000000,0x00000000c0dc99c0,0x00000000c5580000)
 Metaspace       used 6343K, capacity 7154K, committed 7296K, reserved 1056768K
  class space    used 603K, capacity 618K, committed 640K, reserved 1048576K
Event: 5.238 GC heap after
Heap after GC invocations=5 (full 0):
 PSYoungGen      total 71680K, used 5096K [0x00000000eab00000, 0x00000000f4e00000, 0x0000000100000000)
  eden space 66560K, 0% used [0x00000000eab00000,0x00000000eab00000,0x00000000eec00000)
  from space 5120K, 99% used [0x00000000eec00000,0x00000000ef0fa2c0,0x00000000ef100000)
  to   space 16896K, 0% used [0x00000000f3d80000,0x00000000f3d80000,0x00000000f4e00000)
 ParOldGen       total 87552K, used 23826K [0x00000000c0000000, 0x00000000c5580000, 0x00000000eab00000)
  object space 87552K, 27% used [0x00000000c0000000,0x00000000c1744bd0,0x00000000c5580000)
 Metaspace       used 6343K, capacity 7154K, committed 7296K, reserved 1056768K
  class space    used 603K, capacity 618K, committed 640K, reserved 1048576K
}
Event: 5.551 GC heap before
{Heap before GC invocations=6 (full 0):
 PSYoungGen      total 71680K, used 71656K [0x00000000eab00000, 0x00000000f4e00000, 0x0000000100000000)
  eden space 66560K, 100% used [0x00000000eab00000,0x00000000eec00000,0x00000000eec00000)
  from space 5120K, 99% used [0x00000000eec00000,0x00000000ef0fa2c0,0x00000000ef100000)
  to   space 16896K, 0% used [0x00000000f3d80000,0x00000000f3d80000,0x00000000f4e00000)
 ParOldGen       total 87552K, used 23826K [0x00000000c0000000, 0x00000000c5580000, 0x00000000eab00000)
  object space 87552K, 27% used [0x00000000c0000000,0x00000000c1744bd0,0x00000000c5580000)
 Metaspace       used 6397K, capacity 7218K, committed 7296K, reserved 1056768K
  class space    used 603K, capacity 618K, committed 640K, reserved 1048576K
Event: 5.599 GC heap after
Heap after GC invocations=6 (full 0):
 PSYoungGen      total 147456K, used 16074K [0x00000000eab00000, 0x00000000f5300000, 0x0000000100000000)
  eden space 130560K, 0% used [0x00000000eab00000,0x00000000eab00000,0x00000000f2a80000)
  from space 16896K, 95% used [0x00000000f3d80000,0x00000000f4d32990,0x00000000f4e00000)
  to   space 19456K, 0% used [0x00000000f2a80000,0x00000000f2a80000,0x00000000f3d80000)
 ParOldGen       total 87552K, used 23826K [0x00000000c0000000, 0x00000000c5580000, 0x00000000eab00000)
  object space 87552K, 27% used [0x00000000c0000000,0x00000000c1744bd0,0x00000000c5580000)
 Metaspace       used 6397K, capacity 7218K, committed 7296K, reserved 1056768K
  class space    used 603K, capacity 618K, committed 640K, reserved 1048576K
}
Event: 6.273 GC heap before
{Heap before GC invocations=7 (full 0):
 PSYoungGen      total 147456K, used 146634K [0x00000000eab00000, 0x00000000f5300000, 0x0000000100000000)
  eden space 130560K, 100% used [0x00000000eab00000,0x00000000f2a80000,0x00000000f2a80000)
  from space 16896K, 95% used [0x00000000f3d80000,0x00000000f4d32990,0x00000000f4e00000)
  to   space 19456K, 0% used [0x00000000f2a80000,0x00000000f2a80000,0x00000000f3d80000)
 ParOldGen       total 87552K, used 23826K [0x00000000c0000000, 0x00000000c5580000, 0x00000000eab00000)
  object space 87552K, 27% used [0x00000000c0000000,0x00000000c1744bd0,0x00000000c5580000)
 Metaspace       used 6556K, capacity 7256K, committed 7424K, reserved 1056768K
  class space    used 623K, capacity 656K, committed 768K, reserved 1048576K
Event: 6.369 GC heap after
Heap after GC invocations=7 (full 0):
 PSYoungGen      total 150016K, used 19432K [0x00000000eab00000, 0x00000000fe600000, 0x0000000100000000)
  eden space 130560K, 0% used [0x00000000eab00000,0x00000000eab00000,0x00000000f2a80000)
  from space 19456K, 99% used [0x00000000f2a80000,0x00000000f3d7a238,0x00000000f3d80000)
  to   space 30720K, 0% used [0x00000000fc800000,0x00000000fc800000,0x00000000fe600000)
 ParOldGen       total 87552K, used 40065K [0x00000000c0000000, 0x00000000c5580000, 0x00000000eab00000)
  object space 87552K, 45% used [0x00000000c0000000,0x00000000c2720500,0x00000000c5580000)
 Metaspace       used 6556K, capacity 7256K, committed 7424K, reserved 1056768K
  class space    used 623K, capacity 656K, committed 768K, reserved 1048576K
}
Event: 7.121 GC heap before
{Heap before GC invocations=8 (full 0):
 PSYoungGen      total 150016K, used 149992K [0x00000000eab00000, 0x00000000fe600000, 0x0000000100000000)
  eden space 130560K, 100% used [0x00000000eab00000,0x00000000f2a80000,0x00000000f2a80000)
  from space 19456K, 99% used [0x00000000f2a80000,0x00000000f3d7a238,0x00000000f3d80000)
  to   space 30720K, 0% used [0x00000000fc800000,0x00000000fc800000,0x00000000fe600000)
 ParOldGen       total 87552K, used 40065K [0x00000000c0000000, 0x00000000c5580000, 0x00000000eab00000)
  object space 87552K, 45% used [0x00000000c0000000,0x00000000c2720500,0x00000000c5580000)
 Metaspace       used 6566K, capacity 7256K, committed 7424K, reserved 1056768K
  class space    used 623K, capacity 656K, committed 768K, reserved 1048576K
Event: 7.272 GC heap after
Heap after GC invocations=8 (full 0):
 PSYoungGen      total 283136K, used 30707K [0x00000000eab00000, 0x00000000ff700000, 0x0000000100000000)
  eden space 252416K, 0% used [0x00000000eab00000,0x00000000eab00000,0x00000000fa180000)
  from space 30720K, 99% used [0x00000000fc800000,0x00000000fe5fcfe8,0x00000000fe600000)
  to   space 39424K, 0% used [0x00000000fa180000,0x00000000fa180000,0x00000000fc800000)
 ParOldGen       total 87552K, used 47460K [0x00000000c0000000, 0x00000000c5580000, 0x00000000eab00000)
  object space 87552K, 54% used [0x00000000c0000000,0x00000000c2e59108,0x00000000c5580000)
 Metaspace       used 6566K, capacity 7256K, committed 7424K, reserved 1056768K
  class space    used 623K, capacity 656K, committed 768K, reserved 1048576K
}

Deoptimization events (10 events):
Event: 6.021 Thread 0x00000000170af000 Uncommon trap: reason=unstable_if action=reinterpret pc=0x00000000038608a8 method=com.android.dx.ssa.SsaMethod.getExitBlock()Lcom/android/dx/ssa/SsaBasicBlock; @ 4
Event: 6.870 Thread 0x000000000124d800 Uncommon trap: reason=unstable_if action=reinterpret pc=0x0000000003a3ff4c method=java.util.HashMap.resize()[Ljava/util/HashMap$Node; @ 206
Event: 7.348 Thread 0x0000000017141800 Uncommon trap: reason=unstable_if action=reinterpret pc=0x0000000003d08c94 method=com.android.dx.cf.code.BytecodeArray.parseInstruction(ILcom/android/dx/cf/code/BytecodeArray$Visitor;)I @ 1261
Event: 8.267 Thread 0x000000001713e800 Uncommon trap: reason=class_check action=maybe_recompile pc=0x00000000038b4d88 method=java.util.Arrays.hashCode([Ljava/lang/Object;)I @ 43
Event: 8.267 Thread 0x000000001713e800 Uncommon trap: reason=class_check action=maybe_recompile pc=0x00000000038b4d88 method=java.util.Arrays.hashCode([Ljava/lang/Object;)I @ 43
Event: 8.267 Thread 0x000000001713e800 Uncommon trap: reason=class_check action=maybe_recompile pc=0x00000000038b4d88 method=java.util.Arrays.hashCode([Ljava/lang/Object;)I @ 43
Event: 8.267 Thread 0x000000001713e800 Uncommon trap: reason=class_check action=maybe_recompile pc=0x00000000038b4d88 method=java.util.Arrays.hashCode([Ljava/lang/Object;)I @ 43
Event: 8.267 Thread 0x000000001713e800 Uncommon trap: reason=class_check action=maybe_recompile pc=0x00000000038b5374 method=java.util.Arrays.hashCode([Ljava/lang/Object;)I @ 43
Event: 8.315 Thread 0x000000001713e800 Uncommon trap: reason=class_check action=maybe_recompile pc=0x00000000038b99fc method=java.util.HashMap.putVal(ILjava/lang/Object;Ljava/lang/Object;ZZ)Ljava/lang/Object; @ 203
Event: 9.561 Thread 0x000000001713e800 Uncommon trap: reason=unstable_if action=reinterpret pc=0x0000000003dbd2c4 method=java.util.HashMap.putVal(ILjava/lang/Object;Ljava/lang/Object;ZZ)Ljava/lang/Object; @ 94

Internal exceptions (8 events):
Event: 0.336 Thread 0x000000000124d800 Exception <a 'java/lang/NoSuchMethodError': Method sun.misc.Unsafe.defineClass(Ljava/lang/String;[BII)Ljava/lang/Class; name or signature does not match> (0x00000000eab07cc0) thrown at [C:\re\workspace\8-2-build-windows-amd64-cygwin\jdk8u101\7261\hotspot\skå,‡{‰Õ?
Event: 0.337 Thread 0x000000000124d800 Exception <a 'java/lang/NoSuchMethodError': Method sun.misc.Unsafe.prefetchRead(Ljava/lang/Object;J)V name or signature does not match> (0x00000000eab07fa8) thrown at [C:\re\workspace\8-2-build-windows-amd64-cygwin\jdk8u101\7261\hotspot\src\share\vm\prims\r/9î$@
Event: 3.003 Thread 0x0000000017142000 Implicit null exception at 0x0000000003784062 to 0x0000000003784169
Event: 4.311 Thread 0x0000000017145800 Implicit null exception at 0x0000000003a569a3 to 0x0000000003a59625
Event: 5.437 Thread 0x000000000124d800 Implicit null exception at 0x0000000003a62d93 to 0x0000000003a646d1
Event: 5.639 Thread 0x000000000124d800 Exception <a 'java/lang/ArrayIndexOutOfBoundsException': 18> (0x00000000eb9d3450) thrown at [C:\re\workspace\8-2-build-windows-amd64-cygwin\jdk8u101\7261\hotspot\src\share\vm\interpreter\interpreterRuntime.cpp, line 366]
Event: 5.640 Thread 0x000000000124d800 Exception <a 'java/lang/ArrayIndexOutOfBoundsException': 145> (0x00000000eb9d4fd0) thrown at [C:\re\workspace\8-2-build-windows-amd64-cygwin\jdk8u101\7261\hotspot\src\share\vm\interpreter\interpreterRuntime.cpp, line 366]
Event: 5.641 Thread 0x000000000124d800 Exception <a 'java/lang/ArrayIndexOutOfBoundsException'> (0x00000000eb9d62b8) thrown at [C:\re\workspace\8-2-build-windows-amd64-cygwin\jdk8u101\7261\hotspot\src\share\vm\runtime\sharedRuntime.cpp, line 605]

Events (10 events):
Event: 8.649 loading class com/android/dx/dex/file/CatchStructs done
Event: 8.712 Thread 0x000000001713e800 DEOPT PACKING pc=0x0000000003d914aa sp=0x000000001a1eef90
Event: 8.712 Thread 0x000000001713e800 DEOPT UNPACKING pc=0x000000000344787f sp=0x000000001a1eed20 mode 0
Event: 9.561 Thread 0x000000001713e800 Uncommon trap: trap_request=0xffffff65 fr.pc=0x0000000003dbd2c4
Event: 9.561 Thread 0x000000001713e800 DEOPT PACKING pc=0x0000000003dbd2c4 sp=0x000000001a1eef00
Event: 9.561 Thread 0x000000001713e800 DEOPT UNPACKING pc=0x000000000344582a sp=0x000000001a1eece0 mode 2
Event: 9.573 Thread 0x000000001713e800 DEOPT PACKING pc=0x0000000003d7c104 sp=0x000000001a1eefc0
Event: 9.573 Thread 0x000000001713e800 DEOPT UNPACKING pc=0x000000000344787f sp=0x000000001a1eed10 mode 0
Event: 9.594 Thread 0x000000001713e800 DEOPT PACKING pc=0x0000000003d7b3d8 sp=0x000000001a1ef050
Event: 9.594 Thread 0x000000001713e800 DEOPT UNPACKING pc=0x000000000344787f sp=0x000000001a1eedd0 mode 0


Dynamic libraries:
0x00007ff738610000 - 0x00007ff738647000 	C:\Program Files\Java\jdk1.8.0_101\bin\java.exe
0x00007fffcb410000 - 0x00007fffcb5d1000 	C:\Windows\SYSTEM32\ntdll.dll
0x00007fffca960000 - 0x00007fffcaa0d000 	C:\Windows\system32\KERNEL32.DLL
0x00007fffc7bf0000 - 0x00007fffc7dd8000 	C:\Windows\system32\KERNELBASE.dll
0x00007fffc8cd0000 - 0x00007fffc8d77000 	C:\Windows\system32\ADVAPI32.dll
0x00007fffc8810000 - 0x00007fffc88ad000 	C:\Windows\system32\msvcrt.dll
0x00007fffcace0000 - 0x00007fffcad3b000 	C:\Windows\system32\sechost.dll
0x00007fffc8e30000 - 0x00007fffc8f4c000 	C:\Windows\system32\RPCRT4.dll
0x00007fffcab80000 - 0x00007fffcacd6000 	C:\Windows\system32\USER32.dll
0x00007fffc88b0000 - 0x00007fffc8a36000 	C:\Windows\system32\GDI32.dll
0x00007fffbb7c0000 - 0x00007fffbba34000 	C:\Windows\WinSxS\amd64_microsoft.windows.common-controls_6595b64144ccf1df_6.0.10586.494_none_a2d8b04ea53e3145\COMCTL32.dll
0x00007fffc8a40000 - 0x00007fffc8cbd000 	C:\Windows\system32\combase.dll
0x00007fffc7ac0000 - 0x00007fffc7b2a000 	C:\Windows\system32\bcryptPrimitives.dll
0x00007fffcb170000 - 0x00007fffcb1ab000 	C:\Windows\system32\IMM32.DLL
0x0000000061c00000 - 0x0000000061cd2000 	C:\Program Files\Java\jdk1.8.0_101\jre\bin\msvcr100.dll
0x0000000061ce0000 - 0x000000006257a000 	C:\Program Files\Java\jdk1.8.0_101\jre\bin\server\jvm.dll
0x00007fffc8cc0000 - 0x00007fffc8cc8000 	C:\Windows\system32\PSAPI.DLL
0x00007fffbeda0000 - 0x00007fffbeda9000 	C:\Windows\SYSTEM32\WSOCK32.dll
0x00007fffca790000 - 0x00007fffca7fb000 	C:\Windows\system32\WS2_32.dll
0x00007fffc5d70000 - 0x00007fffc5d93000 	C:\Windows\SYSTEM32\WINMM.dll
0x00007fffb9aa0000 - 0x00007fffb9aaa000 	C:\Windows\SYSTEM32\VERSION.dll
0x00007fffc5d10000 - 0x00007fffc5d3c000 	C:\Windows\SYSTEM32\WINMMBASE.dll
0x00007fffc7de0000 - 0x00007fffc7e23000 	C:\Windows\system32\cfgmgr32.dll
0x0000000061bf0000 - 0x0000000061bff000 	C:\Program Files\Java\jdk1.8.0_101\jre\bin\verify.dll
0x0000000061bc0000 - 0x0000000061be9000 	C:\Program Files\Java\jdk1.8.0_101\jre\bin\java.dll
0x0000000061ba0000 - 0x0000000061bb6000 	C:\Program Files\Java\jdk1.8.0_101\jre\bin\zip.dll
0x00007fffc9160000 - 0x00007fffca6bc000 	C:\Windows\system32\SHELL32.dll
0x00007fffc7f60000 - 0x00007fffc85a5000 	C:\Windows\system32\windows.storage.dll
0x00007fffca730000 - 0x00007fffca782000 	C:\Windows\system32\shlwapi.dll
0x00007fffc7aa0000 - 0x00007fffc7aaf000 	C:\Windows\system32\kernel.appcore.dll
0x00007fffc7b30000 - 0x00007fffc7be5000 	C:\Windows\system32\shcore.dll
0x00007fffc7a50000 - 0x00007fffc7a9b000 	C:\Windows\system32\powrprof.dll
0x00007fffc7a30000 - 0x00007fffc7a44000 	C:\Windows\system32\profapi.dll
0x00007fffa8eb0000 - 0x00007fffa903c000 	C:\Windows\SYSTEM32\dbghelp.dll

VM Arguments:
jvm_args: -Djava.awt.headless=true -Xmx1024M -Dfile.encoding=windows-1252 -Duser.country=BR -Duser.language=pt -Duser.variant 
java_command: com.android.dx.command.Main --dex --force-jumbo --num-threads=4 --multi-dex --output C:\Projetos\ANDROID\Agenda-Android\app\build\intermediates\transforms\dex\debug\folders\1000\10\com.android.support-support-v4-24.1.1_7f99f88ae78416939b8d838dc8f74c3d59eed8c9 C:\Projetos\ANDROID\Agenda-Android\app\build\intermediates\exploded-aar\com.android.support\support-v4\24.1.1\jars\classes.jar
java_class_path (initial): C:\Users\Mauricio\AppData\Local\Android\sdk\build-tools\24.0.1\lib\dx.jar
Launcher Type: SUN_STANDARD

Environment Variables:
JAVA_HOME=C:\Program Files\Java\jdk1.8.0_101
CLASSPATH=;C:\Program Files\Java\jdk1.8.0_101\lib;C:\Program Files\Java\jdk1.8.0_101\lib\tools.jar;C:\Program Files\Java\jdk1.8.0_101\lib\dt.jar;C:\Program Files\Java\jdk1.8.0_101\lib\htmlconverter.jar;C:\Program Files\Java\jdk1.8.0_101\jre\lib;C:\Program Files\Java\jdk1.8.0_101\jre\lib\rt.jar;
PATH=C:\ProgramData\Oracle\Java\javapath;C:\Windows\system32;C:\Windows;C:\Windows\System32\Wbem;C:\Windows\System32\WindowsPowerShell\v1.0\;C:\Program Files\Git\cmd;C:\Program Files\Java\jdk1.8.0_101\bin;C:\Program Files (x86)\Skype\Phone\
USERNAME=Mauricio
OS=Windows_NT
PROCESSOR_IDENTIFIER=Intel64 Family 6 Model 69 Stepping 1, GenuineIntel



---------------  S Y S T E M  ---------------

OS: Windows 10.0 , 64 bit Build 10586 (10.0.10586.0)

CPU:total 4 (2 cores per cpu, 2 threads per core) family 6 model 69 stepping 1, cmov, cx8, fxsr, mmx, sse, sse2, sse3, ssse3, sse4.1, sse4.2, popcnt, avx, avx2, aes, clmul, erms, lzcnt, ht, tsc, tscinvbit, bmi1, bmi2

Memory: 4k page, physical 8266712k(2317784k free), swap 10232792k(3344740k free)

vm_info: Java HotSpot(TM) 64-Bit Server VM (25.101-b13) for windows-amd64 JRE (1.8.0_101-b13), built on Jun 22 2016 01:21:29 by "java_re" with MS VC++ 10.0 (VS2010)

time: Thu Aug 18 08:47:23 2016
elapsed time: 10 seconds (0d 0h 0m 10s)

